<?xml version="1.0" encoding="UTF-8"?>
<!-- Generated by org.testng.reporters.JUnitXMLReporter -->
<testsuite ignored="0" hostname="DESKTOP-VIG561Q" failures="0" tests="2" name="FIREFOX" time="38.256" errors="0" timestamp="2021-08-02T11:04:46 IST">
  <testcase classname="org.selenium.pom.tests.MyFirstTestCase" name="guestCheckoutUsingDirectBankTransfer" time="26.965"/>
  <testcase classname="org.selenium.pom.tests.MyFirstTestCase" name="loginAndCheckoutUsingDirectBankTransfer" time="28.209"/>
</testsuite> <!-- FIREFOX -->
