<?xml version="1.0" encoding="UTF-8"?>
<testsuite xmlns:xsi="http://www.w3.org/2001/XMLSchema-instance" xsi:noNamespaceSchemaLocation="https://maven.apache.org/surefire/maven-surefire-plugin/xsd/surefire-test-report-3.0.xsd" version="3.0" name="TestSuite" time="38.757" tests="4" errors="0" skipped="0" failures="0">
  <properties>
[...]
</properties>
  <testcase name="guestCheckoutUsingDirectBankTransfer" classname="org.selenium.pom.tests.MyFirstTestCase" time="18.799">
    <system-out><![CDATA[CURRENT THREAD ID : 21 , DRIVER : ChromeDriver: chrome on WINDOWS (24629a06d816a98c38db50ab7b0465cc)
CURRENT THREAD ID : 19 , DRIVER : ChromeDriver: chrome on WINDOWS (c14c50c41105c5e430f2d053ec07c12a)
CURRENT THREAD ID : 20 , DRIVER : FirefoxDriver: firefox on WINDOWS (ab100dc7-c165-4641-a25f-c0271146cd52)
CURRENT THREAD ID : 22 , DRIVER : FirefoxDriver: firefox on WINDOWS (7f00727c-c188-4af7-b922-d2ac4d2b0ad3)
SIZE OF OVERLAY : 2
OVERLAYS ARE INVISIBLE
SIZE OF OVERLAY : 2
]]></system-out>
    <system-err><![CDATA[SLF4J: Failed to load class "org.slf4j.impl.StaticLoggerBinder".
SLF4J: Defaulting to no-operation (NOP) logger implementation
SLF4J: See http://www.slf4j.org/codes.html#StaticLoggerBinder for further details.
1627882449553	geckodriver	INFO	Listening on 127.0.0.1:39737
1627882449553	geckodSrtairvteirn	gI NCFhOro	mLiesDtreinivnegr  o92n. 01.2475.01.5.010.7 1(87:a841088b180755
3a07434ea9e2b6dccf3cbe7895134-refs/branch-heads/4515@{#1634}) on port 2301
Only local connections are allowed.
Please see https:/St/acrhtroinmge dCrhivroemre.cDhrrivoemri u9m2.o.0r.g4/5s1e5.c1ur07it y(-8c7onas81i8dbe1r0at5i5o3nas0 7f4o3r s4uegag9ee2stbio6ns docnc fk3ecebpein7g 8C9h5r1om3e4D-rrievfesr /sbafre.an
ch-heads/4515@{#1634}) on port 40714
Only local connections are allowed.
Please see https://chromedriver.chromium.org/security-considerations for suggestions on keeping ChromeDriver safe.
ChromeDriver was started successfully.
ChromeDriver was started successfully.
1627882145060287838	2m4o5z0r0u8n3n	emozrunr:ne:rru:n:nreurn	nIeNrF	OI	NRFuOn	nRiunngni cnogm mcaonmdm:a nd"C:: "\\CP:r\o\gPrraomg rFaiml Feisl\e\s\Mo\zMoziillla lFai rFeifroexf\\ofirefox.exxe"\ \"f-i-rmeafroxi.oenxeet"t e""- -"m-a-rrioenmeotttee-"d e"b-u-grgeimnogt-epo-debugging-port" "0" "r-fto"re g"r0o"u n"d-"f "or-engor-oruend" "-no-remote" "-profile" "C:\\Users\\homel\\AppData\\Local\\Temp\\rust_mozprofileXyaSyW"
mote" "-profile" "C:\\Users\\homel\\AppData\\Local\\Temp\\rust_mozprofileTbeips"
Aug 02, 2021 11:04:11 AM org.openqa.selenium.remote.ProtocolHandshake createSession
INFO: Detected dialect: W3C
Aug 02, 2021 11:04:11 AM org.openqa.selenium.remote.ProtocolHandshake createSession
INFO: Detected dialect: W3C
Aug 02, 2021 11:04:11 AM org.openqa.selenium.devtools.CdpVersionFinder findNearestMatch
WARNING: Unable to find an exact match for CDP version 92, so returning the closest version found: 91
Aug 02, 2021 11:04:11 AM org.openqa.selenium.devtools.CdpVersionFinder findNearestMatch
INFO: Found CDP implementation for version 92 of 91
Aug 02, 2021 11:04:11 AM org.openqa.selenium.devtools.CdpVersionFinder findNearestMatch
WARNING: Unable to find an exact match for CDP version 92, so returning the closest version found: 91
Aug 02, 2021 11:04:11 AM org.openqa.selenium.devtools.CdpVersionFinder findNearestMatch
INFO: Found CDP implementation for version 92 of 91
console.warn: SearchSettings: "get: No settings file exists, new profile?" (new Error("", "(unknown module)"))
console.warn: SearchSettings: "get: No settings file exists, new profile?" (new Error("", "(unknown module)"))
DevTools listening on ws://localhost:57996/devtools/browser/23b60da0-e53c-4038-b396-8a96fcaf4159
DevTools listening on ws://localhost:58000/devtools/browser/f6e2574d-bb57-4d3a-8f72-90aa835b2a48
1627882456853	Marionette	INFO	Listening on port 64526
1627882456876	Marionette	INFO	Listening on port 64525
1627882456922	Marionette	WARN	TLS certificate errors will be ignored for this session
Aug 02, 2021 11:04:16 AM org.openqa.selenium.remote.ProtocolHandshake createSession
INFO: Detected dialect: W3C
1627882457094	Marionette	WARN	TLS certificate errors will be ignored for this session
Aug 02, 2021 11:04:17 AM org.openqa.selenium.remote.ProtocolHandshake createSession
INFO: Detected dialect: W3C
]]></system-err>
  </testcase>
  <testcase name="guestCheckoutUsingDirectBankTransfer" classname="org.selenium.pom.tests.MyFirstTestCase" time="26.854">
    <system-out><![CDATA[SIZE OF OVERLAY : 2
OVERLAYS ARE INVISIBLE
SIZE OF OVERLAY : 2
OVERLAYS ARE INVISIBLE
]]></system-out>
    <system-err><![CDATA[1627882480184	Marionette	WARN	TimedPromise timed out after 500 ms: stacktrace:
TimedPromise/<@chrome://marionette/content/sync.js:231:19
TimedPromise@chrome://marionette/content/sync.js:216:10
interaction.flushEventLoop@chrome://marionette/content/interaction.js:433:10
webdriverClickElement@chrome://marionette/content/interaction.js:179:31
1627882481429	Marionette	WARN	TimedPromise timed out after 500 ms: stacktrace:
TimedPromise/<@chrome://marionette/content/sync.js:231:19
TimedPromise@chrome://marionette/content/sync.js:216:10
interaction.flushEventLoop@chrome://marionette/content/interaction.js:433:10
webdriverClickElement@chrome://marionette/content/interaction.js:179:31
1627882481503	Marionette	WARN	TimedPromise timed out after 500 ms: stacktrace:
TimedPromise/<@chrome://marionette/content/sync.js:231:19
TimedPromise@chrome://marionette/content/sync.js:216:10
interaction.flushEventLoop@chrome://marionette/content/interaction.js:433:10
webdriverClickElement@chrome://marionette/content/interaction.js:179:31
1627882482744	Marionette	WARN	TimedPromise timed out after 500 ms: stacktrace:
TimedPromise/<@chrome://marionette/content/sync.js:231:19
TimedPromise@chrome://marionette/content/sync.js:216:10
interaction.flushEventLoop@chrome://marionette/content/interaction.js:433:10
webdriverClickElement@chrome://marionette/content/interaction.js:179:31
]]></system-err>
  </testcase>
  <testcase name="loginAndCheckoutUsingDirectBankTransfer" classname="org.selenium.pom.tests.MyFirstTestCase" time="21.053">
    <system-out><![CDATA[OVERLAYS ARE INVISIBLE
]]></system-out>
    <system-err><![CDATA[Aug 02, 2021 11:04:36 AM org.openqa.selenium.remote.http.WebSocket$Listener onError
WARNING: Connection reset
java.net.SocketException: Connection reset
	at java.base/sun.nio.ch.SocketChannelImpl.throwConnectionReset(SocketChannelImpl.java:394)
	at java.base/sun.nio.ch.SocketChannelImpl.read(SocketChannelImpl.java:426)
	at io.netty.buffer.PooledByteBuf.setBytes(PooledByteBuf.java:253)
	at io.netty.buffer.AbstractByteBuf.writeBytes(AbstractByteBuf.java:1132)
	at io.netty.channel.socket.nio.NioSocketChannel.doReadBytes(NioSocketChannel.java:350)
	at io.netty.channel.nio.AbstractNioByteChannel$NioByteUnsafe.read(AbstractNioByteChannel.java:151)
	at io.netty.channel.nio.NioEventLoop.processSelectedKey(NioEventLoop.java:719)
	at io.netty.channel.nio.NioEventLoop.processSelectedKeysOptimized(NioEventLoop.java:655)
	at io.netty.channel.nio.NioEventLoop.processSelectedKeys(NioEventLoop.java:581)
	at io.netty.channel.nio.NioEventLoop.run(NioEventLoop.java:493)
	at io.netty.util.concurrent.SingleThreadEventExecutor$4.run(SingleThreadEventExecutor.java:989)
	at io.netty.util.internal.ThreadExecutorMap$2.run(ThreadExecutorMap.java:74)
	at io.netty.util.concurrent.FastThreadLocalRunnable.run(FastThreadLocalRunnable.java:30)
	at java.base/java.lang.Thread.run(Thread.java:831)

JavaScript error: resource://gre/modules/XULStore.jsm, line 66: Error: Can't find profile directory.
JavaScript error: resource://gre/modules/XULStore.jsm, line 66: Error: Can't find profile directory.
JavaScript error: resource://gre/modules/XULStore.jsm, line 66: Error: Can't find profile directory.
JavaScript error: resource://gre/modules/XULStore.jsm, line 66: Error: Can't find profile directory.
]]></system-err>
  </testcase>
  <testcase name="loginAndCheckoutUsingDirectBankTransfer" classname="org.selenium.pom.tests.MyFirstTestCase" time="28.236">
    <system-err><![CDATA[1627882484267	Marionette	INFO	Stopped listening on port 64526
!!! error running onStopped callback: TypeError: callback is not a function

###!!! [Child][RunMessage] Error: Channel closing: too late to send/recv, messages will be lost

1627882484719	RemoteAgent	ERROR	unable to stop listener: [Exception... "Component returned failure code: 0x8000ffff (NS_ERROR_UNEXPECTED) [nsIWindowMediator.getEnumerator]"  nsresult: "0x8000ffff (NS_ERROR_UNEXPECTED)"  location: "JS frame :: chrome://remote/content/cdp/observers/TargetObserver.jsm :: stop :: line 61"  data: no] Stack trace: stop()@TargetObserver.jsm:61
unwatchForTabs()@TargetList.jsm:71
unwatchForTargets()@TargetList.jsm:38
destructor()@TargetList.jsm:110
close()@RemoteAgent.jsm:124
]]></system-err>
  </testcase>
</testsuite>