<?xml version="1.0" encoding="UTF-8"?>
<testng-results ignored="0" total="4" passed="4" failed="0" skipped="0">
  <reporter-output>
  </reporter-output>
  <suite started-at="2021-08-02T11:04:08 IST" name="CHROME" finished-at="2021-08-02T11:04:46 IST" duration-ms="38256">
    <groups>
    </groups>
    <test started-at="2021-08-02T11:04:08 IST" name="CHROME" finished-at="2021-08-02T11:04:39 IST" duration-ms="30711">
      <class name="org.selenium.pom.tests.MyFirstTestCase">
        <test-method is-config="true" signature="startDriver(java.lang.String)[pri:0, instance:org.selenium.pom.tests.MyFirstTestCase@147ed70f]" started-at="2021-08-02T11:04:08 IST" name="startDriver" finished-at="2021-08-02T11:04:11 IST" duration-ms="3612" status="PASS">
          <params>
            <param index="0">
              <value>
                <![CDATA[CHROME]]>
              </value>
            </param>
          </params>
          <reporter-output>
          </reporter-output>
        </test-method> <!-- startDriver -->
        <test-method is-config="true" signature="startDriver(java.lang.String)[pri:0, instance:org.selenium.pom.tests.MyFirstTestCase@147ed70f]" started-at="2021-08-02T11:04:08 IST" name="startDriver" finished-at="2021-08-02T11:04:11 IST" duration-ms="3584" status="PASS">
          <params>
            <param index="0">
              <value>
                <![CDATA[CHROME]]>
              </value>
            </param>
          </params>
          <reporter-output>
          </reporter-output>
        </test-method> <!-- startDriver -->
        <test-method signature="loginAndCheckoutUsingDirectBankTransfer()[pri:0, instance:org.selenium.pom.tests.MyFirstTestCase@147ed70f]" started-at="2021-08-02T11:04:11 IST" name="loginAndCheckoutUsingDirectBankTransfer" finished-at="2021-08-02T11:04:38 IST" duration-ms="26392" status="PASS">
          <reporter-output>
          </reporter-output>
        </test-method> <!-- loginAndCheckoutUsingDirectBankTransfer -->
        <test-method signature="guestCheckoutUsingDirectBankTransfer()[pri:0, instance:org.selenium.pom.tests.MyFirstTestCase@147ed70f]" started-at="2021-08-02T11:04:11 IST" name="guestCheckoutUsingDirectBankTransfer" finished-at="2021-08-02T11:04:36 IST" duration-ms="24240" status="PASS">
          <reporter-output>
          </reporter-output>
        </test-method> <!-- guestCheckoutUsingDirectBankTransfer -->
        <test-method is-config="true" signature="quitDriver()[pri:0, instance:org.selenium.pom.tests.MyFirstTestCase@147ed70f]" started-at="2021-08-02T11:04:36 IST" name="quitDriver" finished-at="2021-08-02T11:04:36 IST" duration-ms="197" status="PASS">
          <reporter-output>
          </reporter-output>
        </test-method> <!-- quitDriver -->
        <test-method is-config="true" signature="quitDriver()[pri:0, instance:org.selenium.pom.tests.MyFirstTestCase@147ed70f]" started-at="2021-08-02T11:04:38 IST" name="quitDriver" finished-at="2021-08-02T11:04:39 IST" duration-ms="672" status="PASS">
          <reporter-output>
          </reporter-output>
        </test-method> <!-- quitDriver -->
      </class> <!-- org.selenium.pom.tests.MyFirstTestCase -->
    </test> <!-- CHROME -->
    <test started-at="2021-08-02T11:04:08 IST" name="FIREFOX" finished-at="2021-08-02T11:04:46 IST" duration-ms="38256">
      <class name="org.selenium.pom.tests.MyFirstTestCase">
        <test-method is-config="true" signature="startDriver(java.lang.String)[pri:0, instance:org.selenium.pom.tests.MyFirstTestCase@12e61fe6]" started-at="2021-08-02T11:04:08 IST" name="startDriver" finished-at="2021-08-02T11:04:17 IST" duration-ms="8913" status="PASS">
          <params>
            <param index="0">
              <value>
                <![CDATA[FIREFOX]]>
              </value>
            </param>
          </params>
          <reporter-output>
          </reporter-output>
        </test-method> <!-- startDriver -->
        <test-method is-config="true" signature="startDriver(java.lang.String)[pri:0, instance:org.selenium.pom.tests.MyFirstTestCase@12e61fe6]" started-at="2021-08-02T11:04:08 IST" name="startDriver" finished-at="2021-08-02T11:04:17 IST" duration-ms="9055" status="PASS">
          <params>
            <param index="0">
              <value>
                <![CDATA[FIREFOX]]>
              </value>
            </param>
          </params>
          <reporter-output>
          </reporter-output>
        </test-method> <!-- startDriver -->
        <test-method signature="guestCheckoutUsingDirectBankTransfer()[pri:0, instance:org.selenium.pom.tests.MyFirstTestCase@12e61fe6]" started-at="2021-08-02T11:04:17 IST" name="guestCheckoutUsingDirectBankTransfer" finished-at="2021-08-02T11:04:44 IST" duration-ms="26965" status="PASS">
          <reporter-output>
          </reporter-output>
        </test-method> <!-- guestCheckoutUsingDirectBankTransfer -->
        <test-method signature="loginAndCheckoutUsingDirectBankTransfer()[pri:0, instance:org.selenium.pom.tests.MyFirstTestCase@12e61fe6]" started-at="2021-08-02T11:04:17 IST" name="loginAndCheckoutUsingDirectBankTransfer" finished-at="2021-08-02T11:04:45 IST" duration-ms="28209" status="PASS">
          <reporter-output>
          </reporter-output>
        </test-method> <!-- loginAndCheckoutUsingDirectBankTransfer -->
        <test-method is-config="true" signature="quitDriver()[pri:0, instance:org.selenium.pom.tests.MyFirstTestCase@12e61fe6]" started-at="2021-08-02T11:04:44 IST" name="quitDriver" finished-at="2021-08-02T11:04:45 IST" duration-ms="897" status="PASS">
          <reporter-output>
          </reporter-output>
        </test-method> <!-- quitDriver -->
        <test-method is-config="true" signature="quitDriver()[pri:0, instance:org.selenium.pom.tests.MyFirstTestCase@12e61fe6]" started-at="2021-08-02T11:04:45 IST" name="quitDriver" finished-at="2021-08-02T11:04:46 IST" duration-ms="932" status="PASS">
          <reporter-output>
          </reporter-output>
        </test-method> <!-- quitDriver -->
      </class> <!-- org.selenium.pom.tests.MyFirstTestCase -->
    </test> <!-- FIREFOX -->
  </suite> <!-- CHROME -->
</testng-results>
